Optimize
{4257: {'stats_week': {'ft': 0.664, 'ast': 4.800000000000001, 'st': 2.4000000000000004, 'to': 4.800000000000001, 'ptm3': 0.0, 'blk': 4.800000000000001, 'fg': 0.54, 'reb': 24.599999999999998, 'pts': 48.599999999999994}, 'num_games': 3, 'stats_season': {'ft': 0.664, 'ast': 1.6, 'st': 0.8, 'to': 1.6, 'ptm3': 0.0, 'blk': 1.6, 'fg': 0.54, 'reb': 8.2, 'pts': 16.2}, 'team': 'utah', 'stats_last5': {'ft': 0.741, 'ast': 2.4, 'st': 1.2, 'to': 2.0, 'ptm3': 0.0, 'blk': 1.6, 'fg': 0.538, 'reb': 8.2, 'pts': 18.0}, 'name': u'Derrick Favors'}, 1015: {'stats_week': {'ft': 0.816, 'ast': 14.399999999999999, 'st': 1.7999999999999998, 'to': 6.8999999999999995, 'ptm3': 2.0999999999999996, 'blk': 0.0, 'fg': 0.471, 'reb': 5.699999999999999, 'pts': 43.5}, 'num_games': 3, 'stats_season': {'ft': 0.816, 'ast': 4.8, 'st': 0.6, 'to': 2.3, 'ptm3': 0.7, 'blk': 0.0, 'fg': 0.471, 'reb': 1.9, 'pts': 14.5}, 'team': 'sa', 'stats_last5': {'ft': 0.8, 'ast': 3.6, 'st': 1.2, 'to': 0.6, 'ptm3': 0.4, 'blk': 0.0, 'fg': 0.532, 'reb': 2.6, 'pts': 20.0}, 'name': u'Tony Parker'}, 2758: {'stats_week': {'ft': 0.701, 'ast': 3.0, 'st': 1.5, 'to': 4.199999999999999, 'ptm3': 0.0, 'blk': 3.9000000000000004, 'fg': 0.548, 'reb': 26.099999999999998, 'pts': 35.400000000000006}, 'num_games': 3, 'stats_season': {'ft': 0.701, 'ast': 1.0, 'st': 0.5, 'to': 1.4, 'ptm3': 0.0, 'blk': 1.3, 'fg': 0.548, 'reb': 8.7, 'pts': 11.8}, 'team': 'wsh', 'stats_last5': {'ft': 0.5, 'ast': 1.0, 'st': 0.8, 'to': 1.2, 'ptm3': 0.0, 'blk': 1.4, 'fg': 0.604, 'reb': 13.8, 'pts': 12.0}, 'name': u'Marcin Gortat'}, 3015: {'stats_week': {'ft': 0.743, 'ast': 12.0, 'st': 6.8, 'to': 9.2, 'ptm3': 4.0, 'blk': 3.6, 'fg': 0.475, 'reb': 32.0, 'pts': 67.6}, 'num_games': 4, 'stats_season': {'ft': 0.743, 'ast': 3.0, 'st': 1.7, 'to': 2.3, 'ptm3': 1.0, 'blk': 0.9, 'fg': 0.475, 'reb': 8.0, 'pts': 16.9}, 'team': 'atl', 'stats_last5': {'ft': 0.625, 'ast': 3.5, 'st': 2.0, 'to': 2.3, 'ptm3': 1.5, 'blk': 0.5, 'fg': 0.46, 'reb': 7.8, 'pts': 18.5}, 'name': u'Paul Millsap'}, 3975: {'stats_week': {'ft': 0.906, 'ast': 31.2, 'st': 8.4, 'to': 12.4, 'ptm3': 13.2, 'blk': 1.2, 'fg': 0.483, 'reb': 17.6, 'pts': 94.4}, 'num_games': 4, 'stats_season': {'ft': 0.906, 'ast': 7.8, 'st': 2.1, 'to': 3.1, 'ptm3': 3.3, 'blk': 0.3, 'fg': 0.483, 'reb': 4.4, 'pts': 23.6}, 'team': 'gs', 'stats_last5': {'ft': 0.9, 'ast': 6.8, 'st': 1.8, 'to': 4.2, 'ptm3': 4.8, 'blk': 0.6, 'fg': 0.5, 'reb': 2.0, 'pts': 23.2}, 'name': u'Stephen Curry'}, 609: {'stats_week': {'ft': 0.887, 'ast': 3.8, 'st': 1.0, 'to': 2.0, 'ptm3': 2.6, 'blk': 0.8, 'fg': 0.457, 'reb': 12.0, 'pts': 34.6}, 'num_games': 2, 'stats_season': {'ft': 0.887, 'ast': 1.9, 'st': 0.5, 'to': 1.0, 'ptm3': 1.3, 'blk': 0.4, 'fg': 0.457, 'reb': 6.0, 'pts': 17.3}, 'team': 'dal', 'stats_last5': {'ft': 0.833, 'ast': 1.2, 'st': 0.6, 'to': 0.4, 'ptm3': 1.8, 'blk': 0.4, 'fg': 0.412, 'reb': 4.6, 'pts': 14.0}, 'name': u'Dirk Nowitzki'}, 215: {'stats_week': {'ft': 0.717, 'ast': 8.7, 'st': 2.7, 'to': 5.4, 'ptm3': 0.0, 'blk': 5.4, 'fg': 0.493, 'reb': 28.5, 'pts': 42.599999999999994}, 'num_games': 3, 'stats_season': {'ft': 0.717, 'ast': 2.9, 'st': 0.9, 'to': 1.8, 'ptm3': 0.0, 'blk': 1.8, 'fg': 0.493, 'reb': 9.5, 'pts': 14.2}, 'team': 'sa', 'stats_last5': {'ft': 0.611, 'ast': 2.8, 'st': 0.0, 'to': 1.0, 'ptm3': 0.0, 'blk': 1.8, 'fg': 0.385, 'reb': 6.6, 'pts': 8.2}, 'name': u'Tim Duncan'}, 4249: {'stats_week': {'ft': 0.814, 'ast': 12.600000000000001, 'st': 4.199999999999999, 'to': 8.399999999999999, 'ptm3': 4.800000000000001, 'blk': 1.2000000000000002, 'fg': 0.451, 'reb': 14.700000000000001, 'pts': 58.5}, 'num_games': 3, 'stats_season': {'ft': 0.814, 'ast': 4.2, 'st': 1.4, 'to': 2.8, 'ptm3': 1.6, 'blk': 0.4, 'fg': 0.451, 'reb': 4.9, 'pts': 19.5}, 'team': 'utah', 'stats_last5': {'ft': 0.839, 'ast': 3.4, 'st': 1.6, 'to': 2.0, 'ptm3': 1.4, 'blk': 0.0, 'fg': 0.405, 'reb': 5.4, 'pts': 19.4}, 'name': u'Gordon Hayward'}, 2394: {'stats_week': {'ft': 0.874, 'ast': 8.4, 'st': 3.2, 'to': 8.0, 'ptm3': 8.8, 'blk': 0.0, 'fg': 0.444, 'reb': 16.0, 'pts': 81.6}, 'num_games': 4, 'stats_season': {'ft': 0.874, 'ast': 2.1, 'st': 0.8, 'to': 2.0, 'ptm3': 2.2, 'blk': 0.0, 'fg': 0.444, 'reb': 4.0, 'pts': 20.4}, 'team': 'min', 'stats_last5': {'ft': 0.909, 'ast': 2.8, 'st': 0.3, 'to': 0.8, 'ptm3': 1.3, 'blk': 0.0, 'fg': 0.391, 'reb': 4.0, 'pts': 17.3}, 'name': u'Kevin Martin'}}
Stephen Curry 0.906 94.4
Kevin Martin 0.874 81.6
Gordon Hayward 0.814 58.5
Tim Duncan 0.717 42.6
Paul Millsap 0.743 67.6
Derrick Favors 0.664 48.6
{'set': [3975, 2394, 4249, 215, 3015, 4257], 'ft': 0.7863333333333333, 'ast': 77.7, 'st': 27.700000000000003, 'to': 48.19999999999999, 'ptm3': 30.8, 'blk': 16.200000000000003, 'fg': 0.48100000000000004, 'reb': 133.4, 'pts': 393.30000000000007}
Stephen Curry 0.906 94.4
Kevin Martin 0.874 81.6
Gordon Hayward 0.814 58.5
Tim Duncan 0.717 42.6
Paul Millsap 0.743 67.6
Marcin Gortat 0.701 35.4
{'set': [3975, 2394, 4249, 215, 3015, 2758], 'ft': 0.7925, 'ast': 75.9, 'st': 26.8, 'to': 47.599999999999994, 'ptm3': 30.8, 'blk': 15.3, 'fg': 0.48233333333333334, 'reb': 134.9, 'pts': 380.1}
Stephen Curry 0.906 94.4
Kevin Martin 0.874 81.6
Gordon Hayward 0.814 58.5
Tim Duncan 0.717 42.6
Paul Millsap 0.743 67.6
Dirk Nowitzki 0.887 34.6
{'set': [3975, 2394, 4249, 215, 3015, 609], 'ft': 0.8235, 'ast': 76.7, 'st': 26.3, 'to': 45.39999999999999, 'ptm3': 33.4, 'blk': 12.200000000000001, 'fg': 0.4671666666666667, 'reb': 120.80000000000001, 'pts': 379.30000000000007}
Stephen Curry 0.906 94.4
Kevin Martin 0.874 81.6
Gordon Hayward 0.814 58.5
Tim Duncan 0.717 42.6
Paul Millsap 0.743 67.6
Tony Parker 0.816 43.5
{'set': [3975, 2394, 4249, 215, 3015, 1015], 'ft': 0.8116666666666666, 'ast': 87.30000000000001, 'st': 27.1, 'to': 50.29999999999999, 'ptm3': 32.9, 'blk': 11.4, 'fg': 0.46950000000000003, 'reb': 114.50000000000001, 'pts': 388.20000000000005}
Stephen Curry 0.906 94.4
Kevin Martin 0.874 81.6
Gordon Hayward 0.814 58.5
Tim Duncan 0.717 42.6
Derrick Favors 0.664 48.6
Marcin Gortat 0.701 35.4
{'set': [3975, 2394, 4249, 215, 4257, 2758], 'ft': 0.7793333333333333, 'ast': 68.7, 'st': 22.4, 'to': 43.2, 'ptm3': 26.8, 'blk': 16.5, 'fg': 0.4931666666666667, 'reb': 127.5, 'pts': 361.1}
Stephen Curry 0.906 94.4
Kevin Martin 0.874 81.6
Gordon Hayward 0.814 58.5
Tim Duncan 0.717 42.6
Derrick Favors 0.664 48.6
Dirk Nowitzki 0.887 34.6
{'set': [3975, 2394, 4249, 215, 4257, 609], 'ft': 0.8103333333333333, 'ast': 69.5, 'st': 21.9, 'to': 41.0, 'ptm3': 29.400000000000002, 'blk': 13.400000000000002, 'fg': 0.47800000000000004, 'reb': 113.4, 'pts': 360.30000000000007}
Stephen Curry 0.906 94.4
Kevin Martin 0.874 81.6
Gordon Hayward 0.814 58.5
Tim Duncan 0.717 42.6
Derrick Favors 0.664 48.6
Tony Parker 0.816 43.5
{'set': [3975, 2394, 4249, 215, 4257, 1015], 'ft': 0.7985, 'ast': 80.1, 'st': 22.7, 'to': 45.9, 'ptm3': 28.9, 'blk': 12.600000000000001, 'fg': 0.4803333333333334, 'reb': 107.10000000000001, 'pts': 369.20000000000005}
Stephen Curry 0.906 94.4
Kevin Martin 0.874 81.6
Gordon Hayward 0.814 58.5
Tim Duncan 0.717 42.6
Marcin Gortat 0.701 35.4
Dirk Nowitzki 0.887 34.6
{'set': [3975, 2394, 4249, 215, 2758, 609], 'ft': 0.8165, 'ast': 67.7, 'st': 21.0, 'to': 40.39999999999999, 'ptm3': 29.400000000000002, 'blk': 12.500000000000002, 'fg': 0.47933333333333333, 'reb': 114.9, 'pts': 347.1}
Stephen Curry 0.906 94.4
Kevin Martin 0.874 81.6
Gordon Hayward 0.814 58.5
Tim Duncan 0.717 42.6
Marcin Gortat 0.701 35.4
Tony Parker 0.816 43.5
{'set': [3975, 2394, 4249, 215, 2758, 1015], 'ft': 0.8046666666666666, 'ast': 78.30000000000001, 'st': 21.8, 'to': 45.29999999999999, 'ptm3': 28.9, 'blk': 11.700000000000001, 'fg': 0.4816666666666667, 'reb': 108.60000000000001, 'pts': 356.0}
Stephen Curry 0.906 94.4
Kevin Martin 0.874 81.6
Gordon Hayward 0.814 58.5
Tim Duncan 0.717 42.6
Dirk Nowitzki 0.887 34.6
Tony Parker 0.816 43.5
{'set': [3975, 2394, 4249, 215, 609, 1015], 'ft': 0.8356666666666667, 'ast': 79.1, 'st': 21.3, 'to': 43.099999999999994, 'ptm3': 31.5, 'blk': 8.600000000000001, 'fg': 0.4665, 'reb': 94.50000000000001, 'pts': 355.20000000000005}
Stephen Curry 0.906 94.4
Kevin Martin 0.874 81.6
Gordon Hayward 0.814 58.5
Paul Millsap 0.743 67.6
Derrick Favors 0.664 48.6
Marcin Gortat 0.701 35.4
{'set': [3975, 2394, 4249, 3015, 4257, 2758], 'ft': 0.7836666666666666, 'ast': 72.0, 'st': 26.5, 'to': 47.0, 'ptm3': 30.8, 'blk': 14.700000000000001, 'fg': 0.4901666666666667, 'reb': 131.0, 'pts': 386.1}
Stephen Curry 0.906 94.4
Kevin Martin 0.874 81.6
Gordon Hayward 0.814 58.5
Paul Millsap 0.743 67.6
Derrick Favors 0.664 48.6
Dirk Nowitzki 0.887 34.6
{'set': [3975, 2394, 4249, 3015, 4257, 609], 'ft': 0.8146666666666667, 'ast': 72.8, 'st': 26.0, 'to': 44.8, 'ptm3': 33.4, 'blk': 11.600000000000001, 'fg': 0.47500000000000003, 'reb': 116.9, 'pts': 385.30000000000007}
Stephen Curry 0.906 94.4
Kevin Martin 0.874 81.6
Gordon Hayward 0.814 58.5
Paul Millsap 0.743 67.6
Derrick Favors 0.664 48.6
Tony Parker 0.816 43.5
{'set': [3975, 2394, 4249, 3015, 4257, 1015], 'ft': 0.8028333333333333, 'ast': 83.4, 'st': 26.8, 'to': 49.699999999999996, 'ptm3': 32.9, 'blk': 10.8, 'fg': 0.4773333333333334, 'reb': 110.60000000000001, 'pts': 394.20000000000005}
Stephen Curry 0.906 94.4
Kevin Martin 0.874 81.6
Gordon Hayward 0.814 58.5
Paul Millsap 0.743 67.6
Marcin Gortat 0.701 35.4
Dirk Nowitzki 0.887 34.6
{'set': [3975, 2394, 4249, 3015, 2758, 609], 'ft': 0.8208333333333333, 'ast': 71.0, 'st': 25.1, 'to': 44.2, 'ptm3': 33.4, 'blk': 10.700000000000001, 'fg': 0.47633333333333333, 'reb': 118.4, 'pts': 372.1}
Stephen Curry 0.906 94.4
Kevin Martin 0.874 81.6
Gordon Hayward 0.814 58.5
Paul Millsap 0.743 67.6
Marcin Gortat 0.701 35.4
Tony Parker 0.816 43.5
{'set': [3975, 2394, 4249, 3015, 2758, 1015], 'ft': 0.8089999999999999, 'ast': 81.6, 'st': 25.900000000000002, 'to': 49.1, 'ptm3': 32.9, 'blk': 9.9, 'fg': 0.4786666666666667, 'reb': 112.10000000000001, 'pts': 381.0}
Stephen Curry 0.906 94.4
Kevin Martin 0.874 81.6
Gordon Hayward 0.814 58.5
Paul Millsap 0.743 67.6
Dirk Nowitzki 0.887 34.6
Tony Parker 0.816 43.5
{'set': [3975, 2394, 4249, 3015, 609, 1015], 'ft': 0.84, 'ast': 82.4, 'st': 25.400000000000002, 'to': 46.9, 'ptm3': 35.5, 'blk': 6.8, 'fg': 0.4635, 'reb': 98.00000000000001, 'pts': 380.20000000000005}
Stephen Curry 0.906 94.4
Kevin Martin 0.874 81.6
Gordon Hayward 0.814 58.5
Derrick Favors 0.664 48.6
Marcin Gortat 0.701 35.4
Dirk Nowitzki 0.887 34.6
{'set': [3975, 2394, 4249, 4257, 2758, 609], 'ft': 0.8076666666666666, 'ast': 63.8, 'st': 20.700000000000003, 'to': 39.8, 'ptm3': 29.400000000000002, 'blk': 11.900000000000002, 'fg': 0.4871666666666667, 'reb': 111.0, 'pts': 353.1}
Stephen Curry 0.906 94.4
Kevin Martin 0.874 81.6
Gordon Hayward 0.814 58.5
Derrick Favors 0.664 48.6
Marcin Gortat 0.701 35.4
Tony Parker 0.816 43.5
{'set': [3975, 2394, 4249, 4257, 2758, 1015], 'ft': 0.7958333333333333, 'ast': 74.4, 'st': 21.500000000000004, 'to': 44.699999999999996, 'ptm3': 28.9, 'blk': 11.100000000000001, 'fg': 0.48950000000000005, 'reb': 104.7, 'pts': 362.0}
Stephen Curry 0.906 94.4
Kevin Martin 0.874 81.6
Gordon Hayward 0.814 58.5
Derrick Favors 0.664 48.6
Dirk Nowitzki 0.887 34.6
Tony Parker 0.816 43.5
{'set': [3975, 2394, 4249, 4257, 609, 1015], 'ft': 0.8268333333333333, 'ast': 75.19999999999999, 'st': 21.000000000000004, 'to': 42.49999999999999, 'ptm3': 31.5, 'blk': 8.000000000000002, 'fg': 0.4743333333333334, 'reb': 90.60000000000001, 'pts': 361.20000000000005}
Stephen Curry 0.906 94.4
Kevin Martin 0.874 81.6
Gordon Hayward 0.814 58.5
Marcin Gortat 0.701 35.4
Dirk Nowitzki 0.887 34.6
Tony Parker 0.816 43.5
{'set': [3975, 2394, 4249, 2758, 609, 1015], 'ft': 0.833, 'ast': 73.4, 'st': 20.1, 'to': 41.9, 'ptm3': 31.5, 'blk': 7.1000000000000005, 'fg': 0.4756666666666667, 'reb': 92.10000000000001, 'pts': 348.0}
Stephen Curry 0.906 94.4
Kevin Martin 0.874 81.6
Tim Duncan 0.717 42.6
Paul Millsap 0.743 67.6
Derrick Favors 0.664 48.6
Marcin Gortat 0.701 35.4
{'set': [3975, 2394, 215, 3015, 4257, 2758], 'ft': 0.7675, 'ast': 68.1, 'st': 25.0, 'to': 44.0, 'ptm3': 26.0, 'blk': 18.900000000000002, 'fg': 0.49716666666666665, 'reb': 144.79999999999998, 'pts': 370.19999999999993}
Stephen Curry 0.906 94.4
Kevin Martin 0.874 81.6
Tim Duncan 0.717 42.6
Paul Millsap 0.743 67.6
Derrick Favors 0.664 48.6
Dirk Nowitzki 0.887 34.6
{'set': [3975, 2394, 215, 3015, 4257, 609], 'ft': 0.7985, 'ast': 68.89999999999999, 'st': 24.5, 'to': 41.8, 'ptm3': 28.6, 'blk': 15.800000000000002, 'fg': 0.482, 'reb': 130.7, 'pts': 369.4}
Stephen Curry 0.906 94.4
Kevin Martin 0.874 81.6
Tim Duncan 0.717 42.6
Paul Millsap 0.743 67.6
Derrick Favors 0.664 48.6
Tony Parker 0.816 43.5
{'set': [3975, 2394, 215, 3015, 4257, 1015], 'ft': 0.7866666666666666, 'ast': 79.5, 'st': 25.3, 'to': 46.699999999999996, 'ptm3': 28.1, 'blk': 15.000000000000002, 'fg': 0.48433333333333334, 'reb': 124.39999999999999, 'pts': 378.29999999999995}
Stephen Curry 0.906 94.4
Kevin Martin 0.874 81.6
Tim Duncan 0.717 42.6
Paul Millsap 0.743 67.6
Marcin Gortat 0.701 35.4
Dirk Nowitzki 0.887 34.6
{'set': [3975, 2394, 215, 3015, 2758, 609], 'ft': 0.8046666666666666, 'ast': 67.1, 'st': 23.6, 'to': 41.2, 'ptm3': 28.6, 'blk': 14.900000000000002, 'fg': 0.4833333333333333, 'reb': 132.2, 'pts': 356.20000000000005}
Stephen Curry 0.906 94.4
Kevin Martin 0.874 81.6
Tim Duncan 0.717 42.6
Paul Millsap 0.743 67.6
Marcin Gortat 0.701 35.4
Tony Parker 0.816 43.5
{'set': [3975, 2394, 215, 3015, 2758, 1015], 'ft': 0.7928333333333333, 'ast': 77.69999999999999, 'st': 24.400000000000002, 'to': 46.1, 'ptm3': 28.1, 'blk': 14.100000000000001, 'fg': 0.48566666666666664, 'reb': 125.89999999999999, 'pts': 365.1}
Stephen Curry 0.906 94.4
Kevin Martin 0.874 81.6
Tim Duncan 0.717 42.6
Paul Millsap 0.743 67.6
Dirk Nowitzki 0.887 34.6
Tony Parker 0.816 43.5
{'set': [3975, 2394, 215, 3015, 609, 1015], 'ft': 0.8238333333333333, 'ast': 78.5, 'st': 23.900000000000002, 'to': 43.9, 'ptm3': 30.700000000000003, 'blk': 11.000000000000002, 'fg': 0.4705, 'reb': 111.8, 'pts': 364.3}
Stephen Curry 0.906 94.4
Kevin Martin 0.874 81.6
Tim Duncan 0.717 42.6
Derrick Favors 0.664 48.6
Marcin Gortat 0.701 35.4
Dirk Nowitzki 0.887 34.6
{'set': [3975, 2394, 215, 4257, 2758, 609], 'ft': 0.7915, 'ast': 59.89999999999999, 'st': 19.200000000000003, 'to': 36.8, 'ptm3': 24.6, 'blk': 16.1, 'fg': 0.49416666666666664, 'reb': 124.8, 'pts': 337.20000000000005}
Stephen Curry 0.906 94.4
Kevin Martin 0.874 81.6
Tim Duncan 0.717 42.6
Derrick Favors 0.664 48.6
Marcin Gortat 0.701 35.4
Tony Parker 0.816 43.5
{'set': [3975, 2394, 215, 4257, 2758, 1015], 'ft': 0.7796666666666666, 'ast': 70.5, 'st': 20.000000000000004, 'to': 41.699999999999996, 'ptm3': 24.1, 'blk': 15.300000000000002, 'fg': 0.4965, 'reb': 118.5, 'pts': 346.1}
Stephen Curry 0.906 94.4
Kevin Martin 0.874 81.6
Tim Duncan 0.717 42.6
Derrick Favors 0.664 48.6
Dirk Nowitzki 0.887 34.6
Tony Parker 0.816 43.5
{'set': [3975, 2394, 215, 4257, 609, 1015], 'ft': 0.8106666666666666, 'ast': 71.29999999999998, 'st': 19.500000000000004, 'to': 39.49999999999999, 'ptm3': 26.700000000000003, 'blk': 12.200000000000003, 'fg': 0.48133333333333334, 'reb': 104.4, 'pts': 345.3}
Stephen Curry 0.906 94.4
Kevin Martin 0.874 81.6
Tim Duncan 0.717 42.6
Marcin Gortat 0.701 35.4
Dirk Nowitzki 0.887 34.6
Tony Parker 0.816 43.5
{'set': [3975, 2394, 215, 2758, 609, 1015], 'ft': 0.8168333333333333, 'ast': 69.5, 'st': 18.6, 'to': 38.9, 'ptm3': 26.700000000000003, 'blk': 11.3, 'fg': 0.4826666666666667, 'reb': 105.9, 'pts': 332.1}
Stephen Curry 0.906 94.4
Kevin Martin 0.874 81.6
Paul Millsap 0.743 67.6
Derrick Favors 0.664 48.6
Marcin Gortat 0.701 35.4
Dirk Nowitzki 0.887 34.6
{'set': [3975, 2394, 3015, 4257, 2758, 609], 'ft': 0.7958333333333334, 'ast': 63.2, 'st': 23.300000000000004, 'to': 40.599999999999994, 'ptm3': 28.6, 'blk': 14.300000000000002, 'fg': 0.49116666666666664, 'reb': 128.29999999999998, 'pts': 362.20000000000005}
Stephen Curry 0.906 94.4
Kevin Martin 0.874 81.6
Paul Millsap 0.743 67.6
Derrick Favors 0.664 48.6
Marcin Gortat 0.701 35.4
Tony Parker 0.816 43.5
{'set': [3975, 2394, 3015, 4257, 2758, 1015], 'ft': 0.784, 'ast': 73.80000000000001, 'st': 24.100000000000005, 'to': 45.49999999999999, 'ptm3': 28.1, 'blk': 13.500000000000002, 'fg': 0.4935, 'reb': 121.99999999999999, 'pts': 371.1}
Stephen Curry 0.906 94.4
Kevin Martin 0.874 81.6
Paul Millsap 0.743 67.6
Derrick Favors 0.664 48.6
Dirk Nowitzki 0.887 34.6
Tony Parker 0.816 43.5
{'set': [3975, 2394, 3015, 4257, 609, 1015], 'ft': 0.8150000000000001, 'ast': 74.6, 'st': 23.600000000000005, 'to': 43.3, 'ptm3': 30.700000000000003, 'blk': 10.400000000000002, 'fg': 0.47833333333333333, 'reb': 107.89999999999999, 'pts': 370.3}
Stephen Curry 0.906 94.4
Kevin Martin 0.874 81.6
Paul Millsap 0.743 67.6
Marcin Gortat 0.701 35.4
Dirk Nowitzki 0.887 34.6
Tony Parker 0.816 43.5
{'set': [3975, 2394, 3015, 2758, 609, 1015], 'ft': 0.8211666666666667, 'ast': 72.8, 'st': 22.700000000000003, 'to': 42.699999999999996, 'ptm3': 30.700000000000003, 'blk': 9.5, 'fg': 0.4796666666666667, 'reb': 109.39999999999999, 'pts': 357.1}
Stephen Curry 0.906 94.4
Kevin Martin 0.874 81.6
Derrick Favors 0.664 48.6
Marcin Gortat 0.701 35.4
Dirk Nowitzki 0.887 34.6
Tony Parker 0.816 43.5
{'set': [3975, 2394, 4257, 2758, 609, 1015], 'ft': 0.808, 'ast': 65.6, 'st': 18.3, 'to': 38.3, 'ptm3': 26.700000000000003, 'blk': 10.700000000000003, 'fg': 0.4905, 'reb': 102.0, 'pts': 338.1}
Stephen Curry 0.906 94.4
Gordon Hayward 0.814 58.5
Tim Duncan 0.717 42.6
Paul Millsap 0.743 67.6
Derrick Favors 0.664 48.6
Marcin Gortat 0.701 35.4
{'set': [3975, 4249, 215, 3015, 4257, 2758], 'ft': 0.7575, 'ast': 72.3, 'st': 26.0, 'to': 44.39999999999999, 'ptm3': 22.0, 'blk': 20.1, 'fg': 0.49833333333333335, 'reb': 143.5, 'pts': 347.1}
Stephen Curry 0.906 94.4
Gordon Hayward 0.814 58.5
Tim Duncan 0.717 42.6
Paul Millsap 0.743 67.6
Derrick Favors 0.664 48.6
Dirk Nowitzki 0.887 34.6
{'set': [3975, 4249, 215, 3015, 4257, 609], 'ft': 0.7885, 'ast': 73.1, 'st': 25.5, 'to': 42.19999999999999, 'ptm3': 24.6, 'blk': 17.000000000000004, 'fg': 0.4831666666666667, 'reb': 129.4, 'pts': 346.30000000000007}
Stephen Curry 0.906 94.4
Gordon Hayward 0.814 58.5
Tim Duncan 0.717 42.6
Paul Millsap 0.743 67.6
Derrick Favors 0.664 48.6
Tony Parker 0.816 43.5
{'set': [3975, 4249, 215, 3015, 4257, 1015], 'ft': 0.7766666666666666, 'ast': 83.69999999999999, 'st': 26.3, 'to': 47.09999999999999, 'ptm3': 24.1, 'blk': 16.200000000000003, 'fg': 0.48550000000000004, 'reb': 123.10000000000001, 'pts': 355.20000000000005}
Stephen Curry 0.906 94.4
Gordon Hayward 0.814 58.5
Tim Duncan 0.717 42.6
Paul Millsap 0.743 67.6
Marcin Gortat 0.701 35.4
Dirk Nowitzki 0.887 34.6
{'set': [3975, 4249, 215, 3015, 2758, 609], 'ft': 0.7946666666666666, 'ast': 71.3, 'st': 24.6, 'to': 41.599999999999994, 'ptm3': 24.6, 'blk': 16.1, 'fg': 0.4845, 'reb': 130.9, 'pts': 333.1}
Stephen Curry 0.906 94.4
Gordon Hayward 0.814 58.5
Tim Duncan 0.717 42.6
Paul Millsap 0.743 67.6
Marcin Gortat 0.701 35.4
Tony Parker 0.816 43.5
{'set': [3975, 4249, 215, 3015, 2758, 1015], 'ft': 0.7828333333333333, 'ast': 81.9, 'st': 25.400000000000002, 'to': 46.49999999999999, 'ptm3': 24.1, 'blk': 15.3, 'fg': 0.48683333333333334, 'reb': 124.60000000000001, 'pts': 342.0}
Stephen Curry 0.906 94.4
Gordon Hayward 0.814 58.5
Tim Duncan 0.717 42.6
Paul Millsap 0.743 67.6
Dirk Nowitzki 0.887 34.6
Tony Parker 0.816 43.5
{'set': [3975, 4249, 215, 3015, 609, 1015], 'ft': 0.8138333333333333, 'ast': 82.69999999999999, 'st': 24.900000000000002, 'to': 44.29999999999999, 'ptm3': 26.700000000000003, 'blk': 12.200000000000001, 'fg': 0.4716666666666667, 'reb': 110.50000000000001, 'pts': 341.20000000000005}
Stephen Curry 0.906 94.4
Gordon Hayward 0.814 58.5
Tim Duncan 0.717 42.6
Derrick Favors 0.664 48.6
Marcin Gortat 0.701 35.4
Dirk Nowitzki 0.887 34.6
{'set': [3975, 4249, 215, 4257, 2758, 609], 'ft': 0.7815, 'ast': 64.1, 'st': 20.200000000000003, 'to': 37.199999999999996, 'ptm3': 20.6, 'blk': 17.3, 'fg': 0.49533333333333335, 'reb': 123.5, 'pts': 314.1}
Stephen Curry 0.906 94.4
Gordon Hayward 0.814 58.5
Tim Duncan 0.717 42.6
Derrick Favors 0.664 48.6
Marcin Gortat 0.701 35.4
Tony Parker 0.816 43.5
{'set': [3975, 4249, 215, 4257, 2758, 1015], 'ft': 0.7696666666666666, 'ast': 74.69999999999999, 'st': 21.000000000000004, 'to': 42.099999999999994, 'ptm3': 20.1, 'blk': 16.5, 'fg': 0.4976666666666667, 'reb': 117.2, 'pts': 323.0}
Stephen Curry 0.906 94.4
Gordon Hayward 0.814 58.5
Tim Duncan 0.717 42.6
Derrick Favors 0.664 48.6
Dirk Nowitzki 0.887 34.6
Tony Parker 0.816 43.5
{'set': [3975, 4249, 215, 4257, 609, 1015], 'ft': 0.8006666666666666, 'ast': 75.5, 'st': 20.500000000000004, 'to': 39.9, 'ptm3': 22.700000000000003, 'blk': 13.400000000000002, 'fg': 0.48250000000000004, 'reb': 103.10000000000001, 'pts': 322.2}
Stephen Curry 0.906 94.4
Gordon Hayward 0.814 58.5
Tim Duncan 0.717 42.6
Marcin Gortat 0.701 35.4
Dirk Nowitzki 0.887 34.6
Tony Parker 0.816 43.5
{'set': [3975, 4249, 215, 2758, 609, 1015], 'ft': 0.8068333333333333, 'ast': 73.69999999999999, 'st': 19.6, 'to': 39.29999999999999, 'ptm3': 22.700000000000003, 'blk': 12.500000000000002, 'fg': 0.48383333333333334, 'reb': 104.60000000000001, 'pts': 309.0}
Stephen Curry 0.906 94.4
Gordon Hayward 0.814 58.5
Paul Millsap 0.743 67.6
Derrick Favors 0.664 48.6
Marcin Gortat 0.701 35.4
Dirk Nowitzki 0.887 34.6
{'set': [3975, 4249, 3015, 4257, 2758, 609], 'ft': 0.7858333333333334, 'ast': 67.39999999999999, 'st': 24.299999999999997, 'to': 41.0, 'ptm3': 24.6, 'blk': 15.500000000000002, 'fg': 0.49233333333333335, 'reb': 127.0, 'pts': 339.1}
Stephen Curry 0.906 94.4
Gordon Hayward 0.814 58.5
Paul Millsap 0.743 67.6
Derrick Favors 0.664 48.6
Marcin Gortat 0.701 35.4
Tony Parker 0.816 43.5
{'set': [3975, 4249, 3015, 4257, 2758, 1015], 'ft': 0.774, 'ast': 78.0, 'st': 25.099999999999998, 'to': 45.9, 'ptm3': 24.1, 'blk': 14.700000000000001, 'fg': 0.4946666666666667, 'reb': 120.7, 'pts': 348.0}
Stephen Curry 0.906 94.4
Gordon Hayward 0.814 58.5
Paul Millsap 0.743 67.6
Derrick Favors 0.664 48.6
Dirk Nowitzki 0.887 34.6
Tony Parker 0.816 43.5
{'set': [3975, 4249, 3015, 4257, 609, 1015], 'ft': 0.805, 'ast': 78.79999999999998, 'st': 24.599999999999998, 'to': 43.699999999999996, 'ptm3': 26.700000000000003, 'blk': 11.600000000000001, 'fg': 0.47950000000000004, 'reb': 106.60000000000001, 'pts': 347.20000000000005}
Stephen Curry 0.906 94.4
Gordon Hayward 0.814 58.5
Paul Millsap 0.743 67.6
Marcin Gortat 0.701 35.4
Dirk Nowitzki 0.887 34.6
Tony Parker 0.816 43.5
{'set': [3975, 4249, 3015, 2758, 609, 1015], 'ft': 0.8111666666666667, 'ast': 77.0, 'st': 23.7, 'to': 43.099999999999994, 'ptm3': 26.700000000000003, 'blk': 10.700000000000001, 'fg': 0.48083333333333333, 'reb': 108.10000000000001, 'pts': 334.0}
Stephen Curry 0.906 94.4
Gordon Hayward 0.814 58.5
Derrick Favors 0.664 48.6
Marcin Gortat 0.701 35.4
Dirk Nowitzki 0.887 34.6
Tony Parker 0.816 43.5
{'set': [3975, 4249, 4257, 2758, 609, 1015], 'ft': 0.798, 'ast': 69.79999999999998, 'st': 19.3, 'to': 38.699999999999996, 'ptm3': 22.700000000000003, 'blk': 11.900000000000002, 'fg': 0.4916666666666667, 'reb': 100.7, 'pts': 315.0}
Stephen Curry 0.906 94.4
Tim Duncan 0.717 42.6
Paul Millsap 0.743 67.6
Derrick Favors 0.664 48.6
Marcin Gortat 0.701 35.4
Dirk Nowitzki 0.887 34.6
{'set': [3975, 215, 3015, 4257, 2758, 609], 'ft': 0.7696666666666667, 'ast': 63.5, 'st': 22.800000000000004, 'to': 38.0, 'ptm3': 19.8, 'blk': 19.700000000000003, 'fg': 0.49933333333333335, 'reb': 140.79999999999998, 'pts': 323.20000000000005}
Stephen Curry 0.906 94.4
Tim Duncan 0.717 42.6
Paul Millsap 0.743 67.6
Derrick Favors 0.664 48.6
Marcin Gortat 0.701 35.4
Tony Parker 0.816 43.5
{'set': [3975, 215, 3015, 4257, 2758, 1015], 'ft': 0.7578333333333334, 'ast': 74.1, 'st': 23.600000000000005, 'to': 42.9, 'ptm3': 19.299999999999997, 'blk': 18.900000000000002, 'fg': 0.5016666666666667, 'reb': 134.49999999999997, 'pts': 332.1}
Stephen Curry 0.906 94.4
Tim Duncan 0.717 42.6
Paul Millsap 0.743 67.6
Derrick Favors 0.664 48.6
Dirk Nowitzki 0.887 34.6
Tony Parker 0.816 43.5
{'set': [3975, 215, 3015, 4257, 609, 1015], 'ft': 0.7888333333333334, 'ast': 74.9, 'st': 23.100000000000005, 'to': 40.699999999999996, 'ptm3': 21.9, 'blk': 15.800000000000002, 'fg': 0.48650000000000004, 'reb': 120.39999999999999, 'pts': 331.3}
Stephen Curry 0.906 94.4
Tim Duncan 0.717 42.6
Paul Millsap 0.743 67.6
Marcin Gortat 0.701 35.4
Dirk Nowitzki 0.887 34.6
Tony Parker 0.816 43.5
{'set': [3975, 215, 3015, 2758, 609, 1015], 'ft': 0.795, 'ast': 73.1, 'st': 22.200000000000003, 'to': 40.1, 'ptm3': 21.9, 'blk': 14.900000000000002, 'fg': 0.48783333333333334, 'reb': 121.89999999999999, 'pts': 318.1}
Stephen Curry 0.906 94.4
Tim Duncan 0.717 42.6
Derrick Favors 0.664 48.6
Marcin Gortat 0.701 35.4
Dirk Nowitzki 0.887 34.6
Tony Parker 0.816 43.5
{'set': [3975, 215, 4257, 2758, 609, 1015], 'ft': 0.7818333333333334, 'ast': 65.9, 'st': 17.8, 'to': 35.7, 'ptm3': 17.9, 'blk': 16.1, 'fg': 0.4986666666666667, 'reb': 114.5, 'pts': 299.1}
Stephen Curry 0.906 94.4
Paul Millsap 0.743 67.6
Derrick Favors 0.664 48.6
Marcin Gortat 0.701 35.4
Dirk Nowitzki 0.887 34.6
Tony Parker 0.816 43.5
{'set': [3975, 3015, 4257, 2758, 609, 1015], 'ft': 0.7861666666666667, 'ast': 69.19999999999999, 'st': 21.900000000000002, 'to': 39.5, 'ptm3': 21.9, 'blk': 14.300000000000002, 'fg': 0.4956666666666667, 'reb': 118.0, 'pts': 324.1}
Kevin Martin 0.874 81.6
Gordon Hayward 0.814 58.5
Tim Duncan 0.717 42.6
Paul Millsap 0.743 67.6
Derrick Favors 0.664 48.6
Marcin Gortat 0.701 35.4
{'set': [2394, 4249, 215, 3015, 4257, 2758], 'ft': 0.7521666666666667, 'ast': 49.5, 'st': 20.799999999999997, 'to': 40.0, 'ptm3': 17.6, 'blk': 18.900000000000002, 'fg': 0.49183333333333334, 'reb': 141.9, 'pts': 334.29999999999995}
Kevin Martin 0.874 81.6
Gordon Hayward 0.814 58.5
Tim Duncan 0.717 42.6
Paul Millsap 0.743 67.6
Derrick Favors 0.664 48.6
Dirk Nowitzki 0.887 34.6
{'set': [2394, 4249, 215, 3015, 4257, 609], 'ft': 0.7831666666666667, 'ast': 50.3, 'st': 20.299999999999997, 'to': 37.8, 'ptm3': 20.200000000000003, 'blk': 15.800000000000002, 'fg': 0.4766666666666667, 'reb': 127.8, 'pts': 333.5}
Kevin Martin 0.874 81.6
Gordon Hayward 0.814 58.5
Tim Duncan 0.717 42.6
Paul Millsap 0.743 67.6
Derrick Favors 0.664 48.6
Tony Parker 0.816 43.5
{'set': [2394, 4249, 215, 3015, 4257, 1015], 'ft': 0.7713333333333333, 'ast': 60.9, 'st': 21.099999999999998, 'to': 42.699999999999996, 'ptm3': 19.700000000000003, 'blk': 15.000000000000002, 'fg': 0.47900000000000004, 'reb': 121.5, 'pts': 342.4}
Kevin Martin 0.874 81.6
Gordon Hayward 0.814 58.5
Tim Duncan 0.717 42.6
Paul Millsap 0.743 67.6
Marcin Gortat 0.701 35.4
Dirk Nowitzki 0.887 34.6
{'set': [2394, 4249, 215, 3015, 2758, 609], 'ft': 0.7893333333333333, 'ast': 48.5, 'st': 19.4, 'to': 37.199999999999996, 'ptm3': 20.200000000000003, 'blk': 14.900000000000002, 'fg': 0.478, 'reb': 129.3, 'pts': 320.3}
Kevin Martin 0.874 81.6
Gordon Hayward 0.814 58.5
Tim Duncan 0.717 42.6
Paul Millsap 0.743 67.6
Marcin Gortat 0.701 35.4
Tony Parker 0.816 43.5
{'set': [2394, 4249, 215, 3015, 2758, 1015], 'ft': 0.7775, 'ast': 59.1, 'st': 20.2, 'to': 42.099999999999994, 'ptm3': 19.700000000000003, 'blk': 14.100000000000001, 'fg': 0.48033333333333333, 'reb': 123.0, 'pts': 329.2}
Kevin Martin 0.874 81.6
Gordon Hayward 0.814 58.5
Tim Duncan 0.717 42.6
Paul Millsap 0.743 67.6
Dirk Nowitzki 0.887 34.6
Tony Parker 0.816 43.5
{'set': [2394, 4249, 215, 3015, 609, 1015], 'ft': 0.8085, 'ast': 59.9, 'st': 19.7, 'to': 39.9, 'ptm3': 22.300000000000004, 'blk': 11.000000000000002, 'fg': 0.4651666666666667, 'reb': 108.9, 'pts': 328.4}
Kevin Martin 0.874 81.6
Gordon Hayward 0.814 58.5
Tim Duncan 0.717 42.6
Derrick Favors 0.664 48.6
Marcin Gortat 0.701 35.4
Dirk Nowitzki 0.887 34.6
{'set': [2394, 4249, 215, 4257, 2758, 609], 'ft': 0.7761666666666667, 'ast': 41.3, 'st': 15.0, 'to': 32.8, 'ptm3': 16.200000000000003, 'blk': 16.1, 'fg': 0.48883333333333334, 'reb': 121.89999999999999, 'pts': 301.3}
Kevin Martin 0.874 81.6
Gordon Hayward 0.814 58.5
Tim Duncan 0.717 42.6
Derrick Favors 0.664 48.6
Marcin Gortat 0.701 35.4
Tony Parker 0.816 43.5
{'set': [2394, 4249, 215, 4257, 2758, 1015], 'ft': 0.7643333333333333, 'ast': 51.9, 'st': 15.8, 'to': 37.699999999999996, 'ptm3': 15.700000000000001, 'blk': 15.300000000000002, 'fg': 0.4911666666666667, 'reb': 115.6, 'pts': 310.2}
Kevin Martin 0.874 81.6
Gordon Hayward 0.814 58.5
Tim Duncan 0.717 42.6
Derrick Favors 0.664 48.6
Dirk Nowitzki 0.887 34.6
Tony Parker 0.816 43.5
{'set': [2394, 4249, 215, 4257, 609, 1015], 'ft': 0.7953333333333333, 'ast': 52.699999999999996, 'st': 15.3, 'to': 35.5, 'ptm3': 18.300000000000004, 'blk': 12.200000000000003, 'fg': 0.47600000000000003, 'reb': 101.5, 'pts': 309.4}
Kevin Martin 0.874 81.6
Gordon Hayward 0.814 58.5
Tim Duncan 0.717 42.6
Marcin Gortat 0.701 35.4
Dirk Nowitzki 0.887 34.6
Tony Parker 0.816 43.5
{'set': [2394, 4249, 215, 2758, 609, 1015], 'ft': 0.8015, 'ast': 50.9, 'st': 14.399999999999999, 'to': 34.9, 'ptm3': 18.300000000000004, 'blk': 11.3, 'fg': 0.47733333333333333, 'reb': 103.0, 'pts': 296.2}
Kevin Martin 0.874 81.6
Gordon Hayward 0.814 58.5
Paul Millsap 0.743 67.6
Derrick Favors 0.664 48.6
Marcin Gortat 0.701 35.4
Dirk Nowitzki 0.887 34.6
{'set': [2394, 4249, 3015, 4257, 2758, 609], 'ft': 0.7805000000000001, 'ast': 44.599999999999994, 'st': 19.1, 'to': 36.599999999999994, 'ptm3': 20.200000000000003, 'blk': 14.300000000000002, 'fg': 0.48583333333333334, 'reb': 125.39999999999999, 'pts': 326.29999999999995}
Kevin Martin 0.874 81.6
Gordon Hayward 0.814 58.5
Paul Millsap 0.743 67.6
Derrick Favors 0.664 48.6
Marcin Gortat 0.701 35.4
Tony Parker 0.816 43.5
{'set': [2394, 4249, 3015, 4257, 2758, 1015], 'ft': 0.7686666666666667, 'ast': 55.199999999999996, 'st': 19.900000000000002, 'to': 41.49999999999999, 'ptm3': 19.700000000000003, 'blk': 13.500000000000002, 'fg': 0.4881666666666667, 'reb': 119.1, 'pts': 335.19999999999993}
Kevin Martin 0.874 81.6
Gordon Hayward 0.814 58.5
Paul Millsap 0.743 67.6
Derrick Favors 0.664 48.6
Dirk Nowitzki 0.887 34.6
Tony Parker 0.816 43.5
{'set': [2394, 4249, 3015, 4257, 609, 1015], 'ft': 0.7996666666666667, 'ast': 55.99999999999999, 'st': 19.400000000000002, 'to': 39.3, 'ptm3': 22.300000000000004, 'blk': 10.400000000000002, 'fg': 0.47300000000000003, 'reb': 105.0, 'pts': 334.4}
Kevin Martin 0.874 81.6
Gordon Hayward 0.814 58.5
Paul Millsap 0.743 67.6
Marcin Gortat 0.701 35.4
Dirk Nowitzki 0.887 34.6
Tony Parker 0.816 43.5
{'set': [2394, 4249, 3015, 2758, 609, 1015], 'ft': 0.8058333333333334, 'ast': 54.199999999999996, 'st': 18.5, 'to': 38.699999999999996, 'ptm3': 22.300000000000004, 'blk': 9.500000000000002, 'fg': 0.47433333333333333, 'reb': 106.5, 'pts': 321.2}
Kevin Martin 0.874 81.6
Gordon Hayward 0.814 58.5
Derrick Favors 0.664 48.6
Marcin Gortat 0.701 35.4
Dirk Nowitzki 0.887 34.6
Tony Parker 0.816 43.5
{'set': [2394, 4249, 4257, 2758, 609, 1015], 'ft': 0.7926666666666667, 'ast': 47.0, 'st': 14.100000000000001, 'to': 34.3, 'ptm3': 18.300000000000004, 'blk': 10.700000000000003, 'fg': 0.4851666666666667, 'reb': 99.1, 'pts': 302.2}
Kevin Martin 0.874 81.6
Tim Duncan 0.717 42.6
Paul Millsap 0.743 67.6
Derrick Favors 0.664 48.6
Marcin Gortat 0.701 35.4
Dirk Nowitzki 0.887 34.6
{'set': [2394, 215, 3015, 4257, 2758, 609], 'ft': 0.7643333333333334, 'ast': 40.7, 'st': 17.6, 'to': 33.6, 'ptm3': 15.4, 'blk': 18.500000000000004, 'fg': 0.49283333333333335, 'reb': 139.2, 'pts': 310.4}
Kevin Martin 0.874 81.6
Tim Duncan 0.717 42.6
Paul Millsap 0.743 67.6
Derrick Favors 0.664 48.6
Marcin Gortat 0.701 35.4
Tony Parker 0.816 43.5
{'set': [2394, 215, 3015, 4257, 2758, 1015], 'ft': 0.7525000000000001, 'ast': 51.300000000000004, 'st': 18.400000000000002, 'to': 38.5, 'ptm3': 14.9, 'blk': 17.700000000000003, 'fg': 0.4951666666666667, 'reb': 132.89999999999998, 'pts': 319.29999999999995}
Kevin Martin 0.874 81.6
Tim Duncan 0.717 42.6
Paul Millsap 0.743 67.6
Derrick Favors 0.664 48.6
Dirk Nowitzki 0.887 34.6
Tony Parker 0.816 43.5
{'set': [2394, 215, 3015, 4257, 609, 1015], 'ft': 0.7835000000000001, 'ast': 52.1, 'st': 17.900000000000002, 'to': 36.300000000000004, 'ptm3': 17.5, 'blk': 14.600000000000001, 'fg': 0.48000000000000004, 'reb': 118.8, 'pts': 318.5}
Kevin Martin 0.874 81.6
Tim Duncan 0.717 42.6
Paul Millsap 0.743 67.6
Marcin Gortat 0.701 35.4
Dirk Nowitzki 0.887 34.6
Tony Parker 0.816 43.5
{'set': [2394, 215, 3015, 2758, 609, 1015], 'ft': 0.7896666666666667, 'ast': 50.3, 'st': 17.0, 'to': 35.7, 'ptm3': 17.5, 'blk': 13.700000000000001, 'fg': 0.48133333333333334, 'reb': 120.3, 'pts': 305.3}
Kevin Martin 0.874 81.6
Tim Duncan 0.717 42.6
Derrick Favors 0.664 48.6
Marcin Gortat 0.701 35.4
Dirk Nowitzki 0.887 34.6
Tony Parker 0.816 43.5
{'set': [2394, 215, 4257, 2758, 609, 1015], 'ft': 0.7765000000000001, 'ast': 43.1, 'st': 12.600000000000001, 'to': 31.3, 'ptm3': 13.5, 'blk': 14.900000000000002, 'fg': 0.4921666666666667, 'reb': 112.89999999999999, 'pts': 286.29999999999995}
Kevin Martin 0.874 81.6
Paul Millsap 0.743 67.6
Derrick Favors 0.664 48.6
Marcin Gortat 0.701 35.4
Dirk Nowitzki 0.887 34.6
Tony Parker 0.816 43.5
{'set': [2394, 3015, 4257, 2758, 609, 1015], 'ft': 0.7808333333333334, 'ast': 46.4, 'st': 16.7, 'to': 35.1, 'ptm3': 17.5, 'blk': 13.100000000000001, 'fg': 0.4891666666666667, 'reb': 116.39999999999999, 'pts': 311.3}
Gordon Hayward 0.814 58.5
Tim Duncan 0.717 42.6
Paul Millsap 0.743 67.6
Derrick Favors 0.664 48.6
Marcin Gortat 0.701 35.4
Dirk Nowitzki 0.887 34.6
{'set': [4249, 215, 3015, 4257, 2758, 609], 'ft': 0.7543333333333334, 'ast': 44.89999999999999, 'st': 18.6, 'to': 34.0, 'ptm3': 11.4, 'blk': 19.700000000000003, 'fg': 0.494, 'reb': 137.89999999999998, 'pts': 287.3}
Gordon Hayward 0.814 58.5
Tim Duncan 0.717 42.6
Paul Millsap 0.743 67.6
Derrick Favors 0.664 48.6
Marcin Gortat 0.701 35.4
Tony Parker 0.816 43.5
{'set': [4249, 215, 3015, 4257, 2758, 1015], 'ft': 0.7425, 'ast': 55.49999999999999, 'st': 19.400000000000002, 'to': 38.9, 'ptm3': 10.9, 'blk': 18.900000000000002, 'fg': 0.49633333333333335, 'reb': 131.6, 'pts': 296.2}
Gordon Hayward 0.814 58.5
Tim Duncan 0.717 42.6
Paul Millsap 0.743 67.6
Derrick Favors 0.664 48.6
Dirk Nowitzki 0.887 34.6
Tony Parker 0.816 43.5
{'set': [4249, 215, 3015, 4257, 609, 1015], 'ft': 0.7735000000000001, 'ast': 56.29999999999999, 'st': 18.900000000000002, 'to': 36.7, 'ptm3': 13.5, 'blk': 15.800000000000002, 'fg': 0.4811666666666667, 'reb': 117.5, 'pts': 295.4}
Gordon Hayward 0.814 58.5
Tim Duncan 0.717 42.6
Paul Millsap 0.743 67.6
Marcin Gortat 0.701 35.4
Dirk Nowitzki 0.887 34.6
Tony Parker 0.816 43.5
{'set': [4249, 215, 3015, 2758, 609, 1015], 'ft': 0.7796666666666667, 'ast': 54.49999999999999, 'st': 18.0, 'to': 36.1, 'ptm3': 13.5, 'blk': 14.900000000000002, 'fg': 0.4825, 'reb': 119.0, 'pts': 282.2}
Gordon Hayward 0.814 58.5
Tim Duncan 0.717 42.6
Derrick Favors 0.664 48.6
Marcin Gortat 0.701 35.4
Dirk Nowitzki 0.887 34.6
Tony Parker 0.816 43.5
{'set': [4249, 215, 4257, 2758, 609, 1015], 'ft': 0.7665000000000001, 'ast': 47.3, 'st': 13.600000000000001, 'to': 31.7, 'ptm3': 9.5, 'blk': 16.1, 'fg': 0.49333333333333335, 'reb': 111.6, 'pts': 263.2}
Gordon Hayward 0.814 58.5
Paul Millsap 0.743 67.6
Derrick Favors 0.664 48.6
Marcin Gortat 0.701 35.4
Dirk Nowitzki 0.887 34.6
Tony Parker 0.816 43.5
{'set': [4249, 3015, 4257, 2758, 609, 1015], 'ft': 0.7708333333333334, 'ast': 50.6, 'st': 17.7, 'to': 35.5, 'ptm3': 13.5, 'blk': 14.300000000000002, 'fg': 0.49033333333333334, 'reb': 115.1, 'pts': 288.2}
Tim Duncan 0.717 42.6
Paul Millsap 0.743 67.6
Derrick Favors 0.664 48.6
Marcin Gortat 0.701 35.4
Dirk Nowitzki 0.887 34.6
Tony Parker 0.816 43.5
{'set': [215, 3015, 4257, 2758, 609, 1015], 'ft': 0.7546666666666667, 'ast': 46.699999999999996, 'st': 16.2, 'to': 32.5, 'ptm3': 8.7, 'blk': 18.500000000000004, 'fg': 0.49733333333333335, 'reb': 128.89999999999998, 'pts': 272.29999999999995}
{'ft': 0.84, 'ast': 87.30000000000001, 'st': 27.700000000000003, 'to': 32.5, 'ptm3': 35.5, 'blk': 20.1, 'fg': 0.5016666666666667, 'reb': 144.79999999999998, 'pts': 394.20000000000005}
